<?xml version="1.0" encoding="UTF-8"?>
<testsuite xmlns:xsi="http://www.w3.org/2001/XMLSchema-instance" xsi:noNamespaceSchemaLocation="https://maven.apache.org/surefire/maven-surefire-plugin/xsd/surefire-test-report-3.0.xsd" version="3.0" name="org.apache.camel.example.spring.IntegrationTest" time="2.619" tests="1" errors="1" skipped="0" failures="0">
  <properties>
    <property name="java.specification.version" value="18"/>
    <property name="sun.jnu.encoding" value="UTF-8"/>
    <property name="java.class.path" value="/home/sagar/Downloads/camel-examples/camel-examples/examples/spring/target/test-classes:/home/sagar/Downloads/camel-examples/camel-examples/examples/spring/target/classes:/home/sagar/.m2/repository/org/apache/camel/camel-file/3.20.0-SNAPSHOT/camel-file-3.20.0-SNAPSHOT.jar:/home/sagar/.m2/repository/org/apache/camel/camel-support/3.20.0-SNAPSHOT/camel-support-3.20.0-SNAPSHOT.jar:/home/sagar/.m2/repository/org/apache/camel/camel-api/3.20.0-SNAPSHOT/camel-api-3.20.0-SNAPSHOT.jar:/home/sagar/.m2/repository/org/apache/camel/camel-management-api/3.20.0-SNAPSHOT/camel-management-api-3.20.0-SNAPSHOT.jar:/home/sagar/.m2/repository/org/apache/camel/camel-util/3.20.0-SNAPSHOT/camel-util-3.20.0-SNAPSHOT.jar:/home/sagar/.m2/repository/org/apache/camel/camel-cluster/3.20.0-SNAPSHOT/camel-cluster-3.20.0-SNAPSHOT.jar:/home/sagar/.m2/repository/org/apache/camel/camel-base-engine/3.20.0-SNAPSHOT/camel-base-engine-3.20.0-SNAPSHOT.jar:/home/sagar/.m2/repository/org/apache/camel/camel-core-model/3.20.0-SNAPSHOT/camel-core-model-3.20.0-SNAPSHOT.jar:/home/sagar/.m2/repository/org/apache/camel/camel-core-processor/3.20.0-SNAPSHOT/camel-core-processor-3.20.0-SNAPSHOT.jar:/home/sagar/.m2/repository/org/apache/camel/camel-jms/3.20.0-SNAPSHOT/camel-jms-3.20.0-SNAPSHOT.jar:/home/sagar/.m2/repository/org/apache/camel/camel-spring/3.20.0-SNAPSHOT/camel-spring-3.20.0-SNAPSHOT.jar:/home/sagar/.m2/repository/org/apache/camel/camel-core-engine/3.20.0-SNAPSHOT/camel-core-engine-3.20.0-SNAPSHOT.jar:/home/sagar/.m2/repository/org/apache/camel/camel-core-reifier/3.20.0-SNAPSHOT/camel-core-reifier-3.20.0-SNAPSHOT.jar:/home/sagar/.m2/repository/org/springframework/spring-core/5.3.24/spring-core-5.3.24.jar:/home/sagar/.m2/repository/org/springframework/spring-jcl/5.3.24/spring-jcl-5.3.24.jar:/home/sagar/.m2/repository/org/springframework/spring-aop/5.3.24/spring-aop-5.3.24.jar:/home/sagar/.m2/repository/org/springframework/spring-expression/5.3.24/spring-expression-5.3.24.jar:/home/sagar/.m2/repository/org/springframework/spring-jms/5.3.24/spring-jms-5.3.24.jar:/home/sagar/.m2/repository/org/springframework/spring-messaging/5.3.24/spring-messaging-5.3.24.jar:/home/sagar/.m2/repository/org/springframework/spring-context/5.3.24/spring-context-5.3.24.jar:/home/sagar/.m2/repository/org/springframework/spring-tx/5.3.24/spring-tx-5.3.24.jar:/home/sagar/.m2/repository/org/springframework/spring-beans/5.3.24/spring-beans-5.3.24.jar:/home/sagar/.m2/repository/org/apache/geronimo/specs/geronimo-jms_2.0_spec/1.0-alpha-2/geronimo-jms_2.0_spec-1.0-alpha-2.jar:/home/sagar/.m2/repository/org/apache/camel/camel-bean/3.20.0-SNAPSHOT/camel-bean-3.20.0-SNAPSHOT.jar:/home/sagar/.m2/repository/org/apache/camel/camel-spring-main/3.20.0-SNAPSHOT/camel-spring-main-3.20.0-SNAPSHOT.jar:/home/sagar/.m2/repository/org/apache/camel/camel-main/3.20.0-SNAPSHOT/camel-main-3.20.0-SNAPSHOT.jar:/home/sagar/.m2/repository/org/apache/camel/camel-base/3.20.0-SNAPSHOT/camel-base-3.20.0-SNAPSHOT.jar:/home/sagar/.m2/repository/org/apache/camel/camel-core-languages/3.20.0-SNAPSHOT/camel-core-languages-3.20.0-SNAPSHOT.jar:/home/sagar/.m2/repository/org/apache/camel/camel-spring-xml/3.20.0-SNAPSHOT/camel-spring-xml-3.20.0-SNAPSHOT.jar:/home/sagar/.m2/repository/org/apache/camel/camel-xml-jaxb/3.20.0-SNAPSHOT/camel-xml-jaxb-3.20.0-SNAPSHOT.jar:/home/sagar/.m2/repository/jakarta/xml/bind/jakarta.xml.bind-api/2.3.3/jakarta.xml.bind-api-2.3.3.jar:/home/sagar/.m2/repository/jakarta/activation/jakarta.activation-api/1.2.2/jakarta.activation-api-1.2.2.jar:/home/sagar/.m2/repository/com/sun/xml/bind/jaxb-core/2.3.0/jaxb-core-2.3.0.jar:/home/sagar/.m2/repository/com/sun/xml/bind/jaxb-impl/2.3.3/jaxb-impl-2.3.3.jar:/home/sagar/.m2/repository/com/sun/activation/jakarta.activation/1.2.2/jakarta.activation-1.2.2.jar:/home/sagar/.m2/repository/org/apache/camel/camel-xml-jaxp/3.20.0-SNAPSHOT/camel-xml-jaxp-3.20.0-SNAPSHOT.jar:/home/sagar/.m2/repository/org/apache/camel/camel-xml-io-util/3.20.0-SNAPSHOT/camel-xml-io-util-3.20.0-SNAPSHOT.jar:/home/sagar/.m2/repository/org/apache/camel/camel-core-xml/3.20.0-SNAPSHOT/camel-core-xml-3.20.0-SNAPSHOT.jar:/home/sagar/.m2/repository/javax/annotation/javax.annotation-api/1.3.2/javax.annotation-api-1.3.2.jar:/home/sagar/.m2/repository/org/apache/activemq/activemq-broker/5.17.2/activemq-broker-5.17.2.jar:/home/sagar/.m2/repository/org/apache/activemq/activemq-openwire-legacy/5.17.2/activemq-openwire-legacy-5.17.2.jar:/home/sagar/.m2/repository/com/fasterxml/jackson/core/jackson-databind/2.13.3/jackson-databind-2.13.3.jar:/home/sagar/.m2/repository/com/fasterxml/jackson/core/jackson-annotations/2.13.3/jackson-annotations-2.13.3.jar:/home/sagar/.m2/repository/com/fasterxml/jackson/core/jackson-core/2.13.3/jackson-core-2.13.3.jar:/home/sagar/.m2/repository/org/apache/activemq/activemq-client/5.17.2/activemq-client-5.17.2.jar:/home/sagar/.m2/repository/org/slf4j/slf4j-api/1.7.36/slf4j-api-1.7.36.jar:/home/sagar/.m2/repository/org/fusesource/hawtbuf/hawtbuf/1.11/hawtbuf-1.11.jar:/home/sagar/.m2/repository/org/apache/geronimo/specs/geronimo-j2ee-management_1.1_spec/1.0.1/geronimo-j2ee-management_1.1_spec-1.0.1.jar:/home/sagar/.m2/repository/org/apache/logging/log4j/log4j-api/2.18.0/log4j-api-2.18.0.jar:/home/sagar/.m2/repository/org/apache/logging/log4j/log4j-core/2.18.0/log4j-core-2.18.0.jar:/home/sagar/.m2/repository/org/apache/logging/log4j/log4j-slf4j-impl/2.18.0/log4j-slf4j-impl-2.18.0.jar:/home/sagar/.m2/repository/org/junit/jupiter/junit-jupiter-api/5.9.1/junit-jupiter-api-5.9.1.jar:/home/sagar/.m2/repository/org/opentest4j/opentest4j/1.2.0/opentest4j-1.2.0.jar:/home/sagar/.m2/repository/org/junit/platform/junit-platform-commons/1.9.1/junit-platform-commons-1.9.1.jar:/home/sagar/.m2/repository/org/apiguardian/apiguardian-api/1.1.2/apiguardian-api-1.1.2.jar:/home/sagar/.m2/repository/org/junit/jupiter/junit-jupiter-engine/5.9.1/junit-jupiter-engine-5.9.1.jar:/home/sagar/.m2/repository/org/junit/platform/junit-platform-engine/1.9.1/junit-platform-engine-1.9.1.jar:"/>
    <property name="java.vm.vendor" value="Oracle Corporation"/>
    <property name="sun.arch.data.model" value="64"/>
    <property name="java.vendor.url" value="https://java.oracle.com/"/>
    <property name="user.timezone" value="Asia/Kolkata"/>
    <property name="os.name" value="Linux"/>
    <property name="java.vm.specification.version" value="18"/>
    <property name="sun.java.launcher" value="SUN_STANDARD"/>
    <property name="user.country" value="IN"/>
    <property name="sun.boot.library.path" value="/home/sagar/.jdks/openjdk-18.0.1.1/lib"/>
    <property name="sun.java.command" value="/home/sagar/Downloads/camel-examples/camel-examples/examples/spring/target/surefire/surefirebooter7066476046690588828.jar /home/sagar/Downloads/camel-examples/camel-examples/examples/spring/target/surefire 2022-11-29T20-08-50_496-jvmRun1 surefire14923010358778121305tmp surefire_017394460924387086725tmp"/>
    <property name="jdk.debug" value="release"/>
    <property name="surefire.test.class.path" value="/home/sagar/Downloads/camel-examples/camel-examples/examples/spring/target/test-classes:/home/sagar/Downloads/camel-examples/camel-examples/examples/spring/target/classes:/home/sagar/.m2/repository/org/apache/camel/camel-file/3.20.0-SNAPSHOT/camel-file-3.20.0-SNAPSHOT.jar:/home/sagar/.m2/repository/org/apache/camel/camel-support/3.20.0-SNAPSHOT/camel-support-3.20.0-SNAPSHOT.jar:/home/sagar/.m2/repository/org/apache/camel/camel-api/3.20.0-SNAPSHOT/camel-api-3.20.0-SNAPSHOT.jar:/home/sagar/.m2/repository/org/apache/camel/camel-management-api/3.20.0-SNAPSHOT/camel-management-api-3.20.0-SNAPSHOT.jar:/home/sagar/.m2/repository/org/apache/camel/camel-util/3.20.0-SNAPSHOT/camel-util-3.20.0-SNAPSHOT.jar:/home/sagar/.m2/repository/org/apache/camel/camel-cluster/3.20.0-SNAPSHOT/camel-cluster-3.20.0-SNAPSHOT.jar:/home/sagar/.m2/repository/org/apache/camel/camel-base-engine/3.20.0-SNAPSHOT/camel-base-engine-3.20.0-SNAPSHOT.jar:/home/sagar/.m2/repository/org/apache/camel/camel-core-model/3.20.0-SNAPSHOT/camel-core-model-3.20.0-SNAPSHOT.jar:/home/sagar/.m2/repository/org/apache/camel/camel-core-processor/3.20.0-SNAPSHOT/camel-core-processor-3.20.0-SNAPSHOT.jar:/home/sagar/.m2/repository/org/apache/camel/camel-jms/3.20.0-SNAPSHOT/camel-jms-3.20.0-SNAPSHOT.jar:/home/sagar/.m2/repository/org/apache/camel/camel-spring/3.20.0-SNAPSHOT/camel-spring-3.20.0-SNAPSHOT.jar:/home/sagar/.m2/repository/org/apache/camel/camel-core-engine/3.20.0-SNAPSHOT/camel-core-engine-3.20.0-SNAPSHOT.jar:/home/sagar/.m2/repository/org/apache/camel/camel-core-reifier/3.20.0-SNAPSHOT/camel-core-reifier-3.20.0-SNAPSHOT.jar:/home/sagar/.m2/repository/org/springframework/spring-core/5.3.24/spring-core-5.3.24.jar:/home/sagar/.m2/repository/org/springframework/spring-jcl/5.3.24/spring-jcl-5.3.24.jar:/home/sagar/.m2/repository/org/springframework/spring-aop/5.3.24/spring-aop-5.3.24.jar:/home/sagar/.m2/repository/org/springframework/spring-expression/5.3.24/spring-expression-5.3.24.jar:/home/sagar/.m2/repository/org/springframework/spring-jms/5.3.24/spring-jms-5.3.24.jar:/home/sagar/.m2/repository/org/springframework/spring-messaging/5.3.24/spring-messaging-5.3.24.jar:/home/sagar/.m2/repository/org/springframework/spring-context/5.3.24/spring-context-5.3.24.jar:/home/sagar/.m2/repository/org/springframework/spring-tx/5.3.24/spring-tx-5.3.24.jar:/home/sagar/.m2/repository/org/springframework/spring-beans/5.3.24/spring-beans-5.3.24.jar:/home/sagar/.m2/repository/org/apache/geronimo/specs/geronimo-jms_2.0_spec/1.0-alpha-2/geronimo-jms_2.0_spec-1.0-alpha-2.jar:/home/sagar/.m2/repository/org/apache/camel/camel-bean/3.20.0-SNAPSHOT/camel-bean-3.20.0-SNAPSHOT.jar:/home/sagar/.m2/repository/org/apache/camel/camel-spring-main/3.20.0-SNAPSHOT/camel-spring-main-3.20.0-SNAPSHOT.jar:/home/sagar/.m2/repository/org/apache/camel/camel-main/3.20.0-SNAPSHOT/camel-main-3.20.0-SNAPSHOT.jar:/home/sagar/.m2/repository/org/apache/camel/camel-base/3.20.0-SNAPSHOT/camel-base-3.20.0-SNAPSHOT.jar:/home/sagar/.m2/repository/org/apache/camel/camel-core-languages/3.20.0-SNAPSHOT/camel-core-languages-3.20.0-SNAPSHOT.jar:/home/sagar/.m2/repository/org/apache/camel/camel-spring-xml/3.20.0-SNAPSHOT/camel-spring-xml-3.20.0-SNAPSHOT.jar:/home/sagar/.m2/repository/org/apache/camel/camel-xml-jaxb/3.20.0-SNAPSHOT/camel-xml-jaxb-3.20.0-SNAPSHOT.jar:/home/sagar/.m2/repository/jakarta/xml/bind/jakarta.xml.bind-api/2.3.3/jakarta.xml.bind-api-2.3.3.jar:/home/sagar/.m2/repository/jakarta/activation/jakarta.activation-api/1.2.2/jakarta.activation-api-1.2.2.jar:/home/sagar/.m2/repository/com/sun/xml/bind/jaxb-core/2.3.0/jaxb-core-2.3.0.jar:/home/sagar/.m2/repository/com/sun/xml/bind/jaxb-impl/2.3.3/jaxb-impl-2.3.3.jar:/home/sagar/.m2/repository/com/sun/activation/jakarta.activation/1.2.2/jakarta.activation-1.2.2.jar:/home/sagar/.m2/repository/org/apache/camel/camel-xml-jaxp/3.20.0-SNAPSHOT/camel-xml-jaxp-3.20.0-SNAPSHOT.jar:/home/sagar/.m2/repository/org/apache/camel/camel-xml-io-util/3.20.0-SNAPSHOT/camel-xml-io-util-3.20.0-SNAPSHOT.jar:/home/sagar/.m2/repository/org/apache/camel/camel-core-xml/3.20.0-SNAPSHOT/camel-core-xml-3.20.0-SNAPSHOT.jar:/home/sagar/.m2/repository/javax/annotation/javax.annotation-api/1.3.2/javax.annotation-api-1.3.2.jar:/home/sagar/.m2/repository/org/apache/activemq/activemq-broker/5.17.2/activemq-broker-5.17.2.jar:/home/sagar/.m2/repository/org/apache/activemq/activemq-openwire-legacy/5.17.2/activemq-openwire-legacy-5.17.2.jar:/home/sagar/.m2/repository/com/fasterxml/jackson/core/jackson-databind/2.13.3/jackson-databind-2.13.3.jar:/home/sagar/.m2/repository/com/fasterxml/jackson/core/jackson-annotations/2.13.3/jackson-annotations-2.13.3.jar:/home/sagar/.m2/repository/com/fasterxml/jackson/core/jackson-core/2.13.3/jackson-core-2.13.3.jar:/home/sagar/.m2/repository/org/apache/activemq/activemq-client/5.17.2/activemq-client-5.17.2.jar:/home/sagar/.m2/repository/org/slf4j/slf4j-api/1.7.36/slf4j-api-1.7.36.jar:/home/sagar/.m2/repository/org/fusesource/hawtbuf/hawtbuf/1.11/hawtbuf-1.11.jar:/home/sagar/.m2/repository/org/apache/geronimo/specs/geronimo-j2ee-management_1.1_spec/1.0.1/geronimo-j2ee-management_1.1_spec-1.0.1.jar:/home/sagar/.m2/repository/org/apache/logging/log4j/log4j-api/2.18.0/log4j-api-2.18.0.jar:/home/sagar/.m2/repository/org/apache/logging/log4j/log4j-core/2.18.0/log4j-core-2.18.0.jar:/home/sagar/.m2/repository/org/apache/logging/log4j/log4j-slf4j-impl/2.18.0/log4j-slf4j-impl-2.18.0.jar:/home/sagar/.m2/repository/org/junit/jupiter/junit-jupiter-api/5.9.1/junit-jupiter-api-5.9.1.jar:/home/sagar/.m2/repository/org/opentest4j/opentest4j/1.2.0/opentest4j-1.2.0.jar:/home/sagar/.m2/repository/org/junit/platform/junit-platform-commons/1.9.1/junit-platform-commons-1.9.1.jar:/home/sagar/.m2/repository/org/apiguardian/apiguardian-api/1.1.2/apiguardian-api-1.1.2.jar:/home/sagar/.m2/repository/org/junit/jupiter/junit-jupiter-engine/5.9.1/junit-jupiter-engine-5.9.1.jar:/home/sagar/.m2/repository/org/junit/platform/junit-platform-engine/1.9.1/junit-platform-engine-1.9.1.jar:"/>
    <property name="sun.cpu.endian" value="little"/>
    <property name="user.home" value="/home/sagar"/>
    <property name="user.language" value="en"/>
    <property name="java.specification.vendor" value="Oracle Corporation"/>
    <property name="java.version.date" value="2022-04-22"/>
    <property name="java.home" value="/home/sagar/.jdks/openjdk-18.0.1.1"/>
    <property name="file.separator" value="/"/>
    <property name="basedir" value="/home/sagar/Downloads/camel-examples/camel-examples/examples/spring"/>
    <property name="java.vm.compressedOopsMode" value="32-bit"/>
    <property name="line.separator" value="&#10;"/>
    <property name="java.vm.specification.vendor" value="Oracle Corporation"/>
    <property name="java.specification.name" value="Java Platform API Specification"/>
    <property name="surefire.real.class.path" value="/home/sagar/Downloads/camel-examples/camel-examples/examples/spring/target/surefire/surefirebooter7066476046690588828.jar"/>
    <property name="sun.management.compiler" value="HotSpot 64-Bit Tiered Compilers"/>
    <property name="java.runtime.version" value="18.0.1.1+2-6"/>
    <property name="user.name" value="sagar"/>
    <property name="path.separator" value=":"/>
    <property name="os.version" value="5.4.0-126-generic"/>
    <property name="java.runtime.name" value="OpenJDK Runtime Environment"/>
    <property name="file.encoding" value="UTF-8"/>
    <property name="skipStartingCamelContext" value=""/>
    <property name="java.vm.name" value="OpenJDK 64-Bit Server VM"/>
    <property name="localRepository" value="/home/sagar/.m2/repository"/>
    <property name="java.vendor.url.bug" value="https://bugreport.java.com/bugreport/"/>
    <property name="java.io.tmpdir" value="/tmp"/>
    <property name="idea.version" value="2022.1.2"/>
    <property name="java.version" value="18.0.1.1"/>
    <property name="user.dir" value="/home/sagar/Downloads/camel-examples/camel-examples/examples/spring"/>
    <property name="os.arch" value="amd64"/>
    <property name="java.vm.specification.name" value="Java Virtual Machine Specification"/>
    <property name="native.encoding" value="UTF-8"/>
    <property name="java.library.path" value=":/usr/java/packages/lib:/usr/lib64:/lib64:/lib:/usr/lib"/>
    <property name="java.vm.info" value="mixed mode, sharing"/>
    <property name="java.vendor" value="Oracle Corporation"/>
    <property name="java.vm.version" value="18.0.1.1+2-6"/>
    <property name="sun.io.unicode.encoding" value="UnicodeLittle"/>
    <property name="java.class.version" value="62.0"/>
  </properties>
  <testcase name="testCamelRulesDeployCorrectlyInSpring" classname="org.apache.camel.example.spring.IntegrationTest" time="2.587">
    <error type="org.apache.camel.FailedToCreateRouteException"><![CDATA[org.apache.camel.FailedToCreateRouteException: Failed to create route route1 at: >>> To[direct://test1] <<< in route: Route(route1)[From[file:src/data?noop=true] -> [To[direct://... because of No endpoint could be found for: direct://test1, please check your classpath contains the needed Camel component jar.
	at org.apache.camel.reifier.RouteReifier.doCreateRoute(RouteReifier.java:215)
	at org.apache.camel.reifier.RouteReifier.createRoute(RouteReifier.java:75)
	at org.apache.camel.impl.DefaultModelReifierFactory.createRoute(DefaultModelReifierFactory.java:49)
	at org.apache.camel.impl.DefaultCamelContext.startRouteDefinitions(DefaultCamelContext.java:915)
	at org.apache.camel.impl.DefaultCamelContext.startRouteDefinitions(DefaultCamelContext.java:781)
	at org.apache.camel.impl.engine.AbstractCamelContext.doInit(AbstractCamelContext.java:3008)
	at org.apache.camel.support.service.BaseService.init(BaseService.java:83)
	at org.apache.camel.impl.engine.AbstractCamelContext.init(AbstractCamelContext.java:2679)
	at org.apache.camel.support.service.BaseService.start(BaseService.java:111)
	at org.apache.camel.impl.engine.AbstractCamelContext.start(AbstractCamelContext.java:2698)
	at org.apache.camel.impl.DefaultCamelContext.start(DefaultCamelContext.java:262)
	at org.apache.camel.spring.SpringCamelContext.start(SpringCamelContext.java:119)
	at org.apache.camel.spring.xml.CamelContextFactoryBean.start(CamelContextFactoryBean.java:428)
	at org.apache.camel.spring.xml.CamelContextFactoryBean.onApplicationEvent(CamelContextFactoryBean.java:483)
	at org.apache.camel.spring.xml.CamelContextFactoryBean.onApplicationEvent(CamelContextFactoryBean.java:99)
	at org.springframework.context.event.SimpleApplicationEventMulticaster.doInvokeListener(SimpleApplicationEventMulticaster.java:176)
	at org.springframework.context.event.SimpleApplicationEventMulticaster.invokeListener(SimpleApplicationEventMulticaster.java:169)
	at org.springframework.context.event.SimpleApplicationEventMulticaster.multicastEvent(SimpleApplicationEventMulticaster.java:143)
	at org.springframework.context.support.AbstractApplicationContext.publishEvent(AbstractApplicationContext.java:421)
	at org.springframework.context.support.AbstractApplicationContext.publishEvent(AbstractApplicationContext.java:378)
	at org.springframework.context.support.AbstractApplicationContext.finishRefresh(AbstractApplicationContext.java:938)
	at org.springframework.context.support.AbstractApplicationContext.refresh(AbstractApplicationContext.java:586)
	at org.springframework.context.support.ClassPathXmlApplicationContext.<init>(ClassPathXmlApplicationContext.java:144)
	at org.springframework.context.support.ClassPathXmlApplicationContext.<init>(ClassPathXmlApplicationContext.java:95)
	at org.apache.camel.spring.Main.createDefaultApplicationContext(Main.java:289)
	at org.apache.camel.spring.Main.doStart(Main.java:195)
	at org.apache.camel.support.service.BaseService.start(BaseService.java:119)
	at org.apache.camel.main.MainSupport.run(MainSupport.java:89)
	at org.apache.camel.main.MainCommandLineSupport.run(MainCommandLineSupport.java:221)
	at org.apache.camel.example.spring.IntegrationTest.testCamelRulesDeployCorrectlyInSpring(IntegrationTest.java:28)
	at java.base/jdk.internal.reflect.DirectMethodHandleAccessor.invoke(DirectMethodHandleAccessor.java:104)
	at java.base/java.lang.reflect.Method.invoke(Method.java:577)
	at org.junit.platform.commons.util.ReflectionUtils.invokeMethod(ReflectionUtils.java:727)
	at org.junit.jupiter.engine.execution.MethodInvocation.proceed(MethodInvocation.java:60)
	at org.junit.jupiter.engine.execution.InvocationInterceptorChain$ValidatingInvocation.proceed(InvocationInterceptorChain.java:131)
	at org.junit.jupiter.engine.extension.TimeoutExtension.intercept(TimeoutExtension.java:156)
	at org.junit.jupiter.engine.extension.TimeoutExtension.interceptTestableMethod(TimeoutExtension.java:147)
	at org.junit.jupiter.engine.extension.TimeoutExtension.interceptTestMethod(TimeoutExtension.java:86)
	at org.junit.jupiter.engine.execution.InterceptingExecutableInvoker$ReflectiveInterceptorCall.lambda$ofVoidMethod$0(InterceptingExecutableInvoker.java:103)
	at org.junit.jupiter.engine.execution.InterceptingExecutableInvoker.lambda$invoke$0(InterceptingExecutableInvoker.java:93)
	at org.junit.jupiter.engine.execution.InvocationInterceptorChain$InterceptedInvocation.proceed(InvocationInterceptorChain.java:106)
	at org.junit.jupiter.engine.execution.InvocationInterceptorChain.proceed(InvocationInterceptorChain.java:64)
	at org.junit.jupiter.engine.execution.InvocationInterceptorChain.chainAndInvoke(InvocationInterceptorChain.java:45)
	at org.junit.jupiter.engine.execution.InvocationInterceptorChain.invoke(InvocationInterceptorChain.java:37)
	at org.junit.jupiter.engine.execution.InterceptingExecutableInvoker.invoke(InterceptingExecutableInvoker.java:92)
	at org.junit.jupiter.engine.execution.InterceptingExecutableInvoker.invoke(InterceptingExecutableInvoker.java:86)
	at org.junit.jupiter.engine.descriptor.TestMethodTestDescriptor.lambda$invokeTestMethod$7(TestMethodTestDescriptor.java:217)
	at org.junit.platform.engine.support.hierarchical.ThrowableCollector.execute(ThrowableCollector.java:73)
	at org.junit.jupiter.engine.descriptor.TestMethodTestDescriptor.invokeTestMethod(TestMethodTestDescriptor.java:213)
	at org.junit.jupiter.engine.descriptor.TestMethodTestDescriptor.execute(TestMethodTestDescriptor.java:138)
	at org.junit.jupiter.engine.descriptor.TestMethodTestDescriptor.execute(TestMethodTestDescriptor.java:68)
	at org.junit.platform.engine.support.hierarchical.NodeTestTask.lambda$executeRecursively$6(NodeTestTask.java:151)
	at org.junit.platform.engine.support.hierarchical.ThrowableCollector.execute(ThrowableCollector.java:73)
	at org.junit.platform.engine.support.hierarchical.NodeTestTask.lambda$executeRecursively$8(NodeTestTask.java:141)
	at org.junit.platform.engine.support.hierarchical.Node.around(Node.java:137)
	at org.junit.platform.engine.support.hierarchical.NodeTestTask.lambda$executeRecursively$9(NodeTestTask.java:139)
	at org.junit.platform.engine.support.hierarchical.ThrowableCollector.execute(ThrowableCollector.java:73)
	at org.junit.platform.engine.support.hierarchical.NodeTestTask.executeRecursively(NodeTestTask.java:138)
	at org.junit.platform.engine.support.hierarchical.NodeTestTask.execute(NodeTestTask.java:95)
	at java.base/java.util.ArrayList.forEach(ArrayList.java:1511)
	at org.junit.platform.engine.support.hierarchical.SameThreadHierarchicalTestExecutorService.invokeAll(SameThreadHierarchicalTestExecutorService.java:41)
	at org.junit.platform.engine.support.hierarchical.NodeTestTask.lambda$executeRecursively$6(NodeTestTask.java:155)
	at org.junit.platform.engine.support.hierarchical.ThrowableCollector.execute(ThrowableCollector.java:73)
	at org.junit.platform.engine.support.hierarchical.NodeTestTask.lambda$executeRecursively$8(NodeTestTask.java:141)
	at org.junit.platform.engine.support.hierarchical.Node.around(Node.java:137)
	at org.junit.platform.engine.support.hierarchical.NodeTestTask.lambda$executeRecursively$9(NodeTestTask.java:139)
	at org.junit.platform.engine.support.hierarchical.ThrowableCollector.execute(ThrowableCollector.java:73)
	at org.junit.platform.engine.support.hierarchical.NodeTestTask.executeRecursively(NodeTestTask.java:138)
	at org.junit.platform.engine.support.hierarchical.NodeTestTask.execute(NodeTestTask.java:95)
	at java.base/java.util.ArrayList.forEach(ArrayList.java:1511)
	at org.junit.platform.engine.support.hierarchical.SameThreadHierarchicalTestExecutorService.invokeAll(SameThreadHierarchicalTestExecutorService.java:41)
	at org.junit.platform.engine.support.hierarchical.NodeTestTask.lambda$executeRecursively$6(NodeTestTask.java:155)
	at org.junit.platform.engine.support.hierarchical.ThrowableCollector.execute(ThrowableCollector.java:73)
	at org.junit.platform.engine.support.hierarchical.NodeTestTask.lambda$executeRecursively$8(NodeTestTask.java:141)
	at org.junit.platform.engine.support.hierarchical.Node.around(Node.java:137)
	at org.junit.platform.engine.support.hierarchical.NodeTestTask.lambda$executeRecursively$9(NodeTestTask.java:139)
	at org.junit.platform.engine.support.hierarchical.ThrowableCollector.execute(ThrowableCollector.java:73)
	at org.junit.platform.engine.support.hierarchical.NodeTestTask.executeRecursively(NodeTestTask.java:138)
	at org.junit.platform.engine.support.hierarchical.NodeTestTask.execute(NodeTestTask.java:95)
	at org.junit.platform.engine.support.hierarchical.SameThreadHierarchicalTestExecutorService.submit(SameThreadHierarchicalTestExecutorService.java:35)
	at org.junit.platform.engine.support.hierarchical.HierarchicalTestExecutor.execute(HierarchicalTestExecutor.java:57)
	at org.junit.platform.engine.support.hierarchical.HierarchicalTestEngine.execute(HierarchicalTestEngine.java:54)
	at org.junit.platform.launcher.core.EngineExecutionOrchestrator.execute(EngineExecutionOrchestrator.java:147)
	at org.junit.platform.launcher.core.EngineExecutionOrchestrator.execute(EngineExecutionOrchestrator.java:127)
	at org.junit.platform.launcher.core.EngineExecutionOrchestrator.execute(EngineExecutionOrchestrator.java:90)
	at org.junit.platform.launcher.core.EngineExecutionOrchestrator.lambda$execute$0(EngineExecutionOrchestrator.java:55)
	at org.junit.platform.launcher.core.EngineExecutionOrchestrator.withInterceptedStreams(EngineExecutionOrchestrator.java:102)
	at org.junit.platform.launcher.core.EngineExecutionOrchestrator.execute(EngineExecutionOrchestrator.java:54)
	at org.junit.platform.launcher.core.DefaultLauncher.execute(DefaultLauncher.java:114)
	at org.junit.platform.launcher.core.DefaultLauncher.execute(DefaultLauncher.java:86)
	at org.junit.platform.launcher.core.DefaultLauncherSession$DelegatingLauncher.execute(DefaultLauncherSession.java:86)
	at org.junit.platform.launcher.core.SessionPerRequestLauncher.execute(SessionPerRequestLauncher.java:53)
	at org.apache.maven.surefire.junitplatform.JUnitPlatformProvider.invokeAllTests(JUnitPlatformProvider.java:154)
	at org.apache.maven.surefire.junitplatform.JUnitPlatformProvider.invoke(JUnitPlatformProvider.java:123)
	at org.apache.maven.surefire.booter.ForkedBooter.runSuitesInProcess(ForkedBooter.java:377)
	at org.apache.maven.surefire.booter.ForkedBooter.execute(ForkedBooter.java:138)
	at org.apache.maven.surefire.booter.ForkedBooter.run(ForkedBooter.java:465)
	at org.apache.maven.surefire.booter.ForkedBooter.main(ForkedBooter.java:451)
Caused by: org.apache.camel.NoSuchEndpointException: No endpoint could be found for: direct://test1, please check your classpath contains the needed Camel component jar.
	at org.apache.camel.impl.engine.AbstractCamelContext.doGetEndpoint(AbstractCamelContext.java:1014)
	at org.apache.camel.impl.engine.AbstractCamelContext.getEndpoint(AbstractCamelContext.java:890)
	at org.apache.camel.support.CamelContextHelper.resolveEndpoint(CamelContextHelper.java:127)
	at org.apache.camel.reifier.SendReifier.resolveEndpoint(SendReifier.java:45)
	at org.apache.camel.reifier.SendReifier.createProcessor(SendReifier.java:37)
	at org.apache.camel.reifier.ProcessorReifier.makeProcessor(ProcessorReifier.java:857)
	at org.apache.camel.reifier.ProcessorReifier.addRoutes(ProcessorReifier.java:598)
	at org.apache.camel.reifier.RouteReifier.doCreateRoute(RouteReifier.java:211)
	... 97 more
]]></error>
    <system-out><![CDATA[2022-11-29 20:09:05,214 [main           ] INFO  MainSupport                    - Apache Camel (Main) 3.20.0-SNAPSHOT is starting
]]></system-out>
  </testcase>
</testsuite>